<?xml version="1.0" encoding="UTF-8"?>
<!-- Generated by org.testng.reporters.JUnitXMLReporter -->
<testsuite ignored="0" hostname="CBEN-GJK0P93-LX" failures="0" tests="4" name="Default test" time="23.528" errors="0" timestamp="2021-10-22T05:26:15 CST">
  <testcase classname="com.accenture.ws.NewTest" name="addOrderDiscountedTest" time="2.479"/>
  <testcase classname="com.accenture.ws.NewTest" name="addOrderNotDiscountedTest" time="2.25"/>
  <testcase classname="com.accenture.ws.NewTest" name="deleteOrderTest" time="4.121"/>
  <testcase classname="com.accenture.ws.NewTest" name="editOrderTest" time="5.523"/>
</testsuite> <!-- Default test -->
