<?xml version="1.0" encoding="UTF-8"?>
<!-- Generated by org.testng.reporters.JUnitXMLReporter -->
<testsuite ignored="0" hostname="CBEN-GJK0P93-LX" failures="0" tests="4" name="Default test" time="26.317" errors="0" timestamp="2021-10-22T16:50:27 CST">
  <testcase classname="com.accenture.ws.NewTest" name="addOrderDiscountedTest" time="2.915"/>
  <testcase classname="com.accenture.ws.NewTest" name="addOrderNotDiscountedTest" time="2.302"/>
  <testcase classname="com.accenture.ws.NewTest" name="deleteOrderTest" time="4.203"/>
  <testcase classname="com.accenture.ws.NewTest" name="editOrderTest" time="6.155"/>
</testsuite> <!-- Default test -->
