<?xml version="1.0" encoding="UTF-8"?>
<testng-results ignored="0" total="4" passed="4" failed="0" skipped="0">
  <reporter-output>
  </reporter-output>
  <suite started-at="2021-10-22T05:25:51 CST" name="Default suite" finished-at="2021-10-22T05:26:15 CST" duration-ms="23528">
    <groups>
    </groups>
    <test started-at="2021-10-22T05:25:51 CST" name="Default test" finished-at="2021-10-22T05:26:15 CST" duration-ms="23528">
      <class name="com.accenture.ws.NewTest">
        <test-method is-config="true" signature="setup()[pri:0, instance:com.accenture.ws.NewTest@7133da86]" started-at="2021-10-22T05:25:51 CST" name="setup" finished-at="2021-10-22T05:26:01 CST" duration-ms="9091" status="PASS">
          <reporter-output>
          </reporter-output>
        </test-method> <!-- setup -->
        <test-method signature="addOrderDiscountedTest()[pri:0, instance:com.accenture.ws.NewTest@7133da86]" started-at="2021-10-22T05:26:01 CST" name="addOrderDiscountedTest" finished-at="2021-10-22T05:26:03 CST" duration-ms="2479" status="PASS">
          <reporter-output>
          </reporter-output>
        </test-method> <!-- addOrderDiscountedTest -->
        <test-method signature="addOrderNotDiscountedTest()[pri:0, instance:com.accenture.ws.NewTest@7133da86]" started-at="2021-10-22T05:26:03 CST" name="addOrderNotDiscountedTest" finished-at="2021-10-22T05:26:05 CST" duration-ms="2250" status="PASS">
          <reporter-output>
          </reporter-output>
        </test-method> <!-- addOrderNotDiscountedTest -->
        <test-method signature="deleteOrderTest()[pri:0, instance:com.accenture.ws.NewTest@7133da86]" started-at="2021-10-22T05:26:05 CST" name="deleteOrderTest" finished-at="2021-10-22T05:26:09 CST" duration-ms="4121" status="PASS">
          <reporter-output>
          </reporter-output>
        </test-method> <!-- deleteOrderTest -->
        <test-method signature="editOrderTest()[pri:0, instance:com.accenture.ws.NewTest@7133da86]" started-at="2021-10-22T05:26:09 CST" name="editOrderTest" finished-at="2021-10-22T05:26:15 CST" duration-ms="5523" status="PASS">
          <reporter-output>
          </reporter-output>
        </test-method> <!-- editOrderTest -->
      </class> <!-- com.accenture.ws.NewTest -->
    </test> <!-- Default test -->
  </suite> <!-- Default suite -->
</testng-results>
